[debug] ----------------------------------------------------------------------
[debug] Command:      /home/MawandeMn/.nvm/versions/node/v4.2.2/bin/node /home/MawandeMn/.nvm/versions/node/v4.2.2/bin/firebase login
[debug] Platform:     linux
[debug] Node Version: v4.2.2
[debug] Time:         Mon Nov 23 2015 17:58:40 GMT+0200 (SAST)
[debug] ----------------------------------------------------------------------
[debug] 
[debug] ----------------------------------------------------------------------
[debug] Command:      /home/MawandeMn/.nvm/versions/node/v4.2.2/bin/node /home/MawandeMn/.nvm/versions/node/v4.2.2/bin/firebase login
[debug] Platform:     linux
[debug] Node Version: v4.2.2
[debug] Time:         Mon Nov 23 2015 18:01:03 GMT+0200 (SAST)
[debug] ----------------------------------------------------------------------
[debug] 
[debug] ----------------------------------------------------------------------
[debug] Command:      /home/MawandeMn/.nvm/versions/node/v4.2.2/bin/node /home/MawandeMn/.nvm/versions/node/v4.2.2/bin/firebase login
[debug] Platform:     linux
[debug] Node Version: v4.2.2
[debug] Time:         Mon Nov 23 2015 18:01:43 GMT+0200 (SAST)
[debug] ----------------------------------------------------------------------
[debug] 
